<?xml version="1.0" encoding="UTF-8"?>
<testsuite xmlns:xsi="http://www.w3.org/2001/XMLSchema-instance" xsi:noNamespaceSchemaLocation="https://maven.apache.org/surefire/maven-surefire-plugin/xsd/surefire-test-report.xsd" name="io.cucumber.skeleton.BookSearchTest" time="0.132" tests="1" errors="1" skipped="0" failures="0">
  <properties>
[...]
</properties>
  <testcase name="initializationError" classname="io.cucumber.skeleton.BookSearchTest" time="0.003">
    <error message="java.util.regex.PatternSyntaxException: Illegal repetition near index 19&#10;book with the title {string}, written by {string}, published in {string}&#10;                   ^" type="cucumber.runtime.CucumberException">cucumber.runtime.CucumberException: 
java.util.regex.PatternSyntaxException: Illegal repetition near index 19
book with the title {string}, written by {string}, published in {string}
                   ^
Caused by: java.util.regex.PatternSyntaxException: 
Illegal repetition near index 19
book with the title {string}, written by {string}, published in {string}
                   ^
</error>
  </testcase>
</testsuite>