<?xml version="1.0" encoding="UTF-8"?>
<testsuite xmlns:xsi="http://www.w3.org/2001/XMLSchema-instance" xsi:noNamespaceSchemaLocation="https://maven.apache.org/surefire/maven-surefire-plugin/xsd/surefire-test-report.xsd" name="CucumberTest" time="0.033" tests="4" errors="0" skipped="0" failures="0">
  <properties>
[...]
</properties>
  <testcase name="Basic Arithmetic - Addition" classname="io.cucumber.skeleton.CucumberTest" time="0.019"/>
  <testcase name="Basic Arithmetic - Substraction" classname="io.cucumber.skeleton.CucumberTest" time="0.004"/>
  <testcase name="Basic Arithmetic - Several additions - Single digits - Example #1" classname="io.cucumber.skeleton.CucumberTest" time="0.003"/>
  <testcase name="Basic Arithmetic - Several additions - Single digits - Example #2" classname="io.cucumber.skeleton.CucumberTest" time="0.004"/>
</testsuite>