<?xml version="1.0" encoding="UTF-8"?>
<testsuite xmlns:xsi="http://www.w3.org/2001/XMLSchema-instance" xsi:noNamespaceSchemaLocation="https://maven.apache.org/surefire/maven-surefire-plugin/xsd/surefire-test-report.xsd" name="tqs.lab7.ApiTest" time="2.57" tests="3" errors="0" skipped="0" failures="0">
  <properties>
[...]
</properties>
  <testcase name="endpointToListAllToDosIsAvailableTest" classname="tqs.lab7.ApiTest" time="1.529"/>
  <testcase name="whenQueryToDOGetIDs198And199Test" classname="tqs.lab7.ApiTest" time="0.72"/>
  <testcase name="whenQueryToDO4Test" classname="tqs.lab7.ApiTest" time="0.313"/>
</testsuite>